2019-06-08 21:17:54.656 [main] DEBUG com.imooc.o2o.O2oApplication - Running with Spring Boot v1.5.8.RELEASE, Spring v4.3.12.RELEASE
2019-06-08 21:18:19.853 [http-nio-8080-exec-5] DEBUG com.imooc.o2o.dao.ShopDao.queryShopList - ==>  Preparing: SELECT s.shop_id, s.shop_name, s.shop_desc, s.shop_addr, s.phone, s.shop_img, s.priority, s.create_time, s.last_edit_time, s.enable_status, s.advice, a.area_id, a.area_name, sc.shop_category_id, sc.shop_category_name FROM tb_shop s, tb_area a, tb_shop_category sc WHERE s.area_id = a.area_id AND s.shop_category_id = sc.shop_category_id ORDER BY s.priority DESC LIMIT ?,?; 
2019-06-08 21:18:19.867 [http-nio-8080-exec-5] DEBUG com.imooc.o2o.dao.ShopDao.queryShopList - ==> Parameters: 0(Integer), 100(Integer)
2019-06-08 21:18:19.914 [http-nio-8080-exec-5] DEBUG com.imooc.o2o.dao.ShopDao.queryShopList - <==      Total: 6
2019-06-08 21:18:19.918 [http-nio-8080-exec-5] DEBUG com.imooc.o2o.dao.ShopDao.queryShopCount - ==>  Preparing: SELECT count(1) FROM tb_shop s, tb_area a, tb_shop_category sc WHERE s.area_id = a.area_id AND s.shop_category_id = sc.shop_category_id 
2019-06-08 21:18:19.918 [http-nio-8080-exec-5] DEBUG com.imooc.o2o.dao.ShopDao.queryShopCount - ==> Parameters: 
2019-06-08 21:18:19.954 [http-nio-8080-exec-5] DEBUG com.imooc.o2o.dao.ShopDao.queryShopCount - <==      Total: 1
2019-06-08 21:18:24.771 [http-nio-8080-exec-2] DEBUG c.i.o.dao.LocalAuthDao.queryLocalByUserNameAndPwd - ==>  Preparing: SELECT l.local_auth_id, l.username, l.password, l.create_time, l.last_edit_time, p.user_id, p.name, p.gender, p.email, p.profile_img, p.user_type, p.create_time, p.last_edit_time, p.enable_status FROM tb_local_auth l LEFT JOIN tb_person_info p ON l.user_id = p.user_id WHERE l.username = ? AND l.password = ? 
2019-06-08 21:18:24.772 [http-nio-8080-exec-2] DEBUG c.i.o.dao.LocalAuthDao.queryLocalByUserNameAndPwd - ==> Parameters: joey(String), 555elq65be9q529lq62l52095s562l25(String)
2019-06-08 21:18:24.809 [http-nio-8080-exec-2] DEBUG c.i.o.dao.LocalAuthDao.queryLocalByUserNameAndPwd - <==      Total: 1
2019-06-08 21:18:24.960 [http-nio-8080-exec-3] DEBUG com.imooc.o2o.dao.ShopDao.queryShopList - ==>  Preparing: SELECT s.shop_id, s.shop_name, s.shop_desc, s.shop_addr, s.phone, s.shop_img, s.priority, s.create_time, s.last_edit_time, s.enable_status, s.advice, a.area_id, a.area_name, sc.shop_category_id, sc.shop_category_name FROM tb_shop s, tb_area a, tb_shop_category sc WHERE s.owner_id = ? AND s.area_id = a.area_id AND s.shop_category_id = sc.shop_category_id ORDER BY s.priority DESC LIMIT ?,?; 
2019-06-08 21:18:24.961 [http-nio-8080-exec-3] DEBUG com.imooc.o2o.dao.ShopDao.queryShopList - ==> Parameters: 9(Long), 0(Integer), 100(Integer)
2019-06-08 21:18:25.001 [http-nio-8080-exec-3] DEBUG com.imooc.o2o.dao.ShopDao.queryShopList - <==      Total: 6
2019-06-08 21:18:25.002 [http-nio-8080-exec-3] DEBUG com.imooc.o2o.dao.ShopDao.queryShopCount - ==>  Preparing: SELECT count(1) FROM tb_shop s, tb_area a, tb_shop_category sc WHERE s.owner_id = ? AND s.area_id = a.area_id AND s.shop_category_id = sc.shop_category_id 
2019-06-08 21:18:25.002 [http-nio-8080-exec-3] DEBUG com.imooc.o2o.dao.ShopDao.queryShopCount - ==> Parameters: 9(Long)
2019-06-08 21:18:25.039 [http-nio-8080-exec-3] DEBUG com.imooc.o2o.dao.ShopDao.queryShopCount - <==      Total: 1
2019-06-08 21:18:55.339 [http-nio-8080-exec-1] DEBUG com.imooc.o2o.dao.ProductDao.queryProductList - ==>  Preparing: SELECT product_id, product_name, product_desc, img_addr, normal_price, promotion_price, priority, create_time, last_edit_time, enable_status, point, product_category_id, shop_id FROM tb_product WHERE shop_id =? ORDER BY priority DESC LIMIT ?,?; 
2019-06-08 21:18:55.339 [http-nio-8080-exec-1] DEBUG com.imooc.o2o.dao.ProductDao.queryProductList - ==> Parameters: 28(Long), 0(Integer), 999(Integer)
2019-06-08 21:18:55.380 [http-nio-8080-exec-1] DEBUG com.imooc.o2o.dao.ProductDao.queryProductList - <==      Total: 6
2019-06-08 21:18:55.381 [http-nio-8080-exec-1] DEBUG com.imooc.o2o.dao.ProductDao.queryProductCount - ==>  Preparing: SELECT count(1) FROM tb_product WHERE shop_id = ? 
2019-06-08 21:18:55.382 [http-nio-8080-exec-1] DEBUG com.imooc.o2o.dao.ProductDao.queryProductCount - ==> Parameters: 28(Long)
2019-06-08 21:18:55.418 [http-nio-8080-exec-1] DEBUG com.imooc.o2o.dao.ProductDao.queryProductCount - <==      Total: 1
2019-06-08 21:31:52.260 [main] DEBUG com.imooc.o2o.O2oApplication - Running with Spring Boot v1.5.8.RELEASE, Spring v4.3.12.RELEASE
2019-06-08 21:32:05.250 [http-nio-8080-exec-8] DEBUG com.imooc.o2o.dao.ProductDao.queryProductById - ==>  Preparing: SELECT p.product_id, p.product_name, p.product_desc, p.img_addr, p.normal_price, p.promotion_price, p.priority, p.create_time, p.last_edit_time, p.enable_status, p.point, p.product_category_id, p.shop_id, pm.product_img_id, pm.img_addr AS detail_img, pm.img_desc, pm.priority, pm.create_time FROM tb_product p LEFT JOIN tb_product_img pm ON p.product_id = pm.product_id WHERE p.product_id = ? ORDER BY pm.priority DESC 
2019-06-08 21:32:05.263 [http-nio-8080-exec-8] DEBUG com.imooc.o2o.dao.ProductDao.queryProductById - ==> Parameters: 7(Long)
2019-06-08 21:32:05.307 [http-nio-8080-exec-8] DEBUG com.imooc.o2o.dao.ProductDao.queryProductById - <==      Total: 1
2019-06-08 21:32:05.310 [http-nio-8080-exec-8] DEBUG c.i.o.d.P.queryProductCategoryList - ==>  Preparing: SELECT product_category_id, product_category_name, priority, create_time, shop_id FROM tb_product_category WHERE shop_id = ? ORDER BY priority DESC 
2019-06-08 21:32:05.311 [http-nio-8080-exec-8] DEBUG c.i.o.d.P.queryProductCategoryList - ==> Parameters: 28(Long)
2019-06-08 21:32:05.350 [http-nio-8080-exec-8] DEBUG c.i.o.d.P.queryProductCategoryList - <==      Total: 6
2019-06-08 21:33:46.865 [main] DEBUG com.imooc.o2o.O2oApplication - Running with Spring Boot v1.5.8.RELEASE, Spring v4.3.12.RELEASE
